2024-01-24 17:27:53.1116|0|INFO|Microsoft.AspNetCore.DataProtection.KeyManagement.XmlKeyManager|User profile is available. Using 'C:\Users\DVChepelev2\AppData\Local\ASP.NET\DataProtection-Keys' as key repository and Windows DPAPI to encrypt keys at rest. |url: |action: |Microsoft.Extensions.Logging.LoggingExtensions.UsingProfileAsKeyRepositoryWithDPAPI| body: 
2024-01-24 17:27:53.6162|0|INFO|Microsoft.Hosting.Lifetime|Application started. Press Ctrl+C to shut down. |url: |action: |Microsoft.Extensions.Hosting.Internal.ConsoleLifetime.OnApplicationStarted| body: 
2024-01-24 17:27:53.6162|0|INFO|Microsoft.Hosting.Lifetime|Hosting environment: Development |url: |action: |Microsoft.Extensions.Hosting.Internal.ConsoleLifetime.OnApplicationStarted| body: 
2024-01-24 17:27:53.6162|0|INFO|Microsoft.Hosting.Lifetime|Content root path: C:\Users\DVChepelev2\source\repos\RentApplication\RentApplication |url: |action: |Microsoft.Extensions.Hosting.Internal.ConsoleLifetime.OnApplicationStarted| body: 
2024-01-24 17:27:53.6643|0|INFO|Microsoft.AspNetCore.Hosting.Diagnostics|Request starting HTTP/2 GET https://localhost:44395/swagger - - |url: https://localhost/swagger|action: |Microsoft.AspNetCore.Hosting.HostingApplicationDiagnostics.LogRequestStarting| body: 
2024-01-24 17:27:53.7760|0|INFO|Microsoft.AspNetCore.Hosting.Diagnostics|Request finished HTTP/2 GET https://localhost:44395/swagger - - - 404 - - 113.6419ms |url: https://localhost/swagger|action: |Microsoft.AspNetCore.Hosting.HostingApplicationDiagnostics.LogRequestFinished| body: 
2024-01-24 17:31:24.9022|0|INFO|Microsoft.AspNetCore.Hosting.Diagnostics|Request starting HTTP/1.1 POST https://localhost:44395/user/register application/json 55 |url: https://localhost/user/register|action: |Microsoft.AspNetCore.Hosting.HostingApplicationDiagnostics.LogRequestStarting| body: 
2024-01-24 17:31:24.9142|0|INFO|Microsoft.AspNetCore.Routing.EndpointMiddleware|Executing endpoint 'RentApplication.Controllers.UserController.Register (RentApplication)' |url: https://localhost/user/register|action: Register|Microsoft.AspNetCore.Routing.EndpointMiddleware+Log.ExecutingEndpoint| body: 
2024-01-24 17:31:24.9460|0|INFO|Microsoft.AspNetCore.Mvc.Infrastructure.ControllerActionInvoker|Route matched with {action = "Register", controller = "User"}. Executing controller action with signature System.Threading.Tasks.Task`1[Microsoft.AspNetCore.Mvc.IActionResult] Register(RentApplication.Models.RegisterUserModels) on controller RentApplication.Controllers.UserController (RentApplication). |url: https://localhost/user/register|action: Register|Microsoft.AspNetCore.Mvc.MvcCoreLoggerExtensions.ExecutingAction| body: 
2024-01-24 17:31:24.9544|0|INFO|Microsoft.AspNetCore.Authorization.DefaultAuthorizationService|Authorization failed. These requirements were not met:
DenyAnonymousAuthorizationRequirement: Requires an authenticated user. |url: https://localhost/user/register|action: Register|Microsoft.Extensions.Logging.LoggingExtensions.UserAuthorizationFailed| body: 
2024-01-24 17:31:24.9544|0|INFO|Microsoft.AspNetCore.Mvc.Infrastructure.ControllerActionInvoker|Authorization failed for the request at filter 'Microsoft.AspNetCore.Mvc.Authorization.AuthorizeFilter'. |url: https://localhost/user/register|action: Register|Microsoft.AspNetCore.Mvc.Infrastructure.ResourceInvoker.Next| body: 
2024-01-24 17:31:24.9544|0|INFO|Microsoft.AspNetCore.Mvc.ChallengeResult|Executing ChallengeResult with authentication schemes (). |url: https://localhost/user/register|action: Register|Microsoft.AspNetCore.Mvc.MvcCoreLoggerExtensions.ChallengeResultExecuting| body: 
2024-01-24 17:31:24.9544|0|INFO|Microsoft.AspNetCore.Mvc.Infrastructure.ControllerActionInvoker|Executed action RentApplication.Controllers.UserController.Register (RentApplication) in 13.1038ms |url: https://localhost/user/register|action: Register|Microsoft.AspNetCore.Mvc.MvcCoreLoggerExtensions.ExecutedAction| body: 
2024-01-24 17:31:24.9544|0|INFO|Microsoft.AspNetCore.Routing.EndpointMiddleware|Executed endpoint 'RentApplication.Controllers.UserController.Register (RentApplication)' |url: https://localhost/user/register|action: Register|Microsoft.AspNetCore.Routing.EndpointMiddleware+Log.ExecutedEndpoint| body: 
2024-01-24 17:31:25.0185|0|INFO|Microsoft.AspNetCore.Hosting.Diagnostics|Request finished HTTP/1.1 POST https://localhost:44395/user/register application/json 55 - 500 - - 116.3176ms |url: https://localhost/user/register|action: |Microsoft.AspNetCore.Hosting.HostingApplicationDiagnostics.LogRequestFinished| body: 
2024-01-24 17:31:26.9678|0|INFO|Microsoft.AspNetCore.Hosting.Diagnostics|Request starting HTTP/1.1 POST https://localhost:44395/user/register application/json 55 |url: https://localhost/user/register|action: |Microsoft.AspNetCore.Hosting.HostingApplicationDiagnostics.LogRequestStarting| body: 
2024-01-24 17:31:26.9678|0|INFO|Microsoft.AspNetCore.Routing.EndpointMiddleware|Executing endpoint 'RentApplication.Controllers.UserController.Register (RentApplication)' |url: https://localhost/user/register|action: Register|Microsoft.AspNetCore.Routing.EndpointMiddleware+Log.ExecutingEndpoint| body: 
2024-01-24 17:31:26.9678|0|INFO|Microsoft.AspNetCore.Mvc.Infrastructure.ControllerActionInvoker|Route matched with {action = "Register", controller = "User"}. Executing controller action with signature System.Threading.Tasks.Task`1[Microsoft.AspNetCore.Mvc.IActionResult] Register(RentApplication.Models.RegisterUserModels) on controller RentApplication.Controllers.UserController (RentApplication). |url: https://localhost/user/register|action: Register|Microsoft.AspNetCore.Mvc.MvcCoreLoggerExtensions.ExecutingAction| body: 
2024-01-24 17:31:26.9704|0|INFO|Microsoft.AspNetCore.Authorization.DefaultAuthorizationService|Authorization failed. These requirements were not met:
DenyAnonymousAuthorizationRequirement: Requires an authenticated user. |url: https://localhost/user/register|action: Register|Microsoft.Extensions.Logging.LoggingExtensions.UserAuthorizationFailed| body: 
2024-01-24 17:31:26.9704|0|INFO|Microsoft.AspNetCore.Mvc.Infrastructure.ControllerActionInvoker|Authorization failed for the request at filter 'Microsoft.AspNetCore.Mvc.Authorization.AuthorizeFilter'. |url: https://localhost/user/register|action: Register|Microsoft.AspNetCore.Mvc.Infrastructure.ResourceInvoker.Next| body: 
2024-01-24 17:31:26.9704|0|INFO|Microsoft.AspNetCore.Mvc.ChallengeResult|Executing ChallengeResult with authentication schemes (). |url: https://localhost/user/register|action: Register|Microsoft.AspNetCore.Mvc.MvcCoreLoggerExtensions.ChallengeResultExecuting| body: 
2024-01-24 17:31:26.9704|0|INFO|Microsoft.AspNetCore.Mvc.Infrastructure.ControllerActionInvoker|Executed action RentApplication.Controllers.UserController.Register (RentApplication) in 2.2695ms |url: https://localhost/user/register|action: Register|Microsoft.AspNetCore.Mvc.MvcCoreLoggerExtensions.ExecutedAction| body: 
2024-01-24 17:31:26.9704|0|INFO|Microsoft.AspNetCore.Routing.EndpointMiddleware|Executed endpoint 'RentApplication.Controllers.UserController.Register (RentApplication)' |url: https://localhost/user/register|action: Register|Microsoft.AspNetCore.Routing.EndpointMiddleware+Log.ExecutedEndpoint| body: 
2024-01-24 17:31:26.9704|0|INFO|Microsoft.AspNetCore.Hosting.Diagnostics|Request finished HTTP/1.1 POST https://localhost:44395/user/register application/json 55 - 500 - - 10.1684ms |url: https://localhost/user/register|action: |Microsoft.AspNetCore.Hosting.HostingApplicationDiagnostics.LogRequestFinished| body: 
2024-01-24 17:31:28.1026|0|INFO|Microsoft.AspNetCore.Hosting.Diagnostics|Request starting HTTP/1.1 POST https://localhost:44395/user/register application/json 55 |url: https://localhost/user/register|action: |Microsoft.AspNetCore.Hosting.HostingApplicationDiagnostics.LogRequestStarting| body: 
2024-01-24 17:31:28.1026|0|INFO|Microsoft.AspNetCore.Routing.EndpointMiddleware|Executing endpoint 'RentApplication.Controllers.UserController.Register (RentApplication)' |url: https://localhost/user/register|action: Register|Microsoft.AspNetCore.Routing.EndpointMiddleware+Log.ExecutingEndpoint| body: 
2024-01-24 17:31:28.1026|0|INFO|Microsoft.AspNetCore.Mvc.Infrastructure.ControllerActionInvoker|Route matched with {action = "Register", controller = "User"}. Executing controller action with signature System.Threading.Tasks.Task`1[Microsoft.AspNetCore.Mvc.IActionResult] Register(RentApplication.Models.RegisterUserModels) on controller RentApplication.Controllers.UserController (RentApplication). |url: https://localhost/user/register|action: Register|Microsoft.AspNetCore.Mvc.MvcCoreLoggerExtensions.ExecutingAction| body: 
2024-01-24 17:31:28.1026|0|INFO|Microsoft.AspNetCore.Authorization.DefaultAuthorizationService|Authorization failed. These requirements were not met:
DenyAnonymousAuthorizationRequirement: Requires an authenticated user. |url: https://localhost/user/register|action: Register|Microsoft.Extensions.Logging.LoggingExtensions.UserAuthorizationFailed| body: 
2024-01-24 17:31:28.1026|0|INFO|Microsoft.AspNetCore.Mvc.Infrastructure.ControllerActionInvoker|Authorization failed for the request at filter 'Microsoft.AspNetCore.Mvc.Authorization.AuthorizeFilter'. |url: https://localhost/user/register|action: Register|Microsoft.AspNetCore.Mvc.Infrastructure.ResourceInvoker.Next| body: 
2024-01-24 17:31:28.1026|0|INFO|Microsoft.AspNetCore.Mvc.ChallengeResult|Executing ChallengeResult with authentication schemes (). |url: https://localhost/user/register|action: Register|Microsoft.AspNetCore.Mvc.MvcCoreLoggerExtensions.ChallengeResultExecuting| body: 
2024-01-24 17:31:28.1026|0|INFO|Microsoft.AspNetCore.Mvc.Infrastructure.ControllerActionInvoker|Executed action RentApplication.Controllers.UserController.Register (RentApplication) in 1.9876ms |url: https://localhost/user/register|action: Register|Microsoft.AspNetCore.Mvc.MvcCoreLoggerExtensions.ExecutedAction| body: 
2024-01-24 17:31:28.1026|0|INFO|Microsoft.AspNetCore.Routing.EndpointMiddleware|Executed endpoint 'RentApplication.Controllers.UserController.Register (RentApplication)' |url: https://localhost/user/register|action: Register|Microsoft.AspNetCore.Routing.EndpointMiddleware+Log.ExecutedEndpoint| body: 
2024-01-24 17:31:28.1026|0|INFO|Microsoft.AspNetCore.Hosting.Diagnostics|Request finished HTTP/1.1 POST https://localhost:44395/user/register application/json 55 - 500 - - 7.3503ms |url: https://localhost/user/register|action: |Microsoft.AspNetCore.Hosting.HostingApplicationDiagnostics.LogRequestFinished| body: 
2024-01-24 17:31:47.7732|0|INFO|Microsoft.AspNetCore.DataProtection.KeyManagement.XmlKeyManager|User profile is available. Using 'C:\Users\DVChepelev2\AppData\Local\ASP.NET\DataProtection-Keys' as key repository and Windows DPAPI to encrypt keys at rest. |url: |action: |Microsoft.Extensions.Logging.LoggingExtensions.UsingProfileAsKeyRepositoryWithDPAPI| body: 
2024-01-24 17:31:48.4310|0|INFO|Microsoft.Hosting.Lifetime|Now listening on: https://localhost:7205 |url: |action: |Microsoft.AspNetCore.Hosting.GenericWebHostService.StartAsync| body: 
2024-01-24 17:31:48.4310|0|INFO|Microsoft.Hosting.Lifetime|Now listening on: http://localhost:5084 |url: |action: |Microsoft.AspNetCore.Hosting.GenericWebHostService.StartAsync| body: 
2024-01-24 17:31:48.4310|0|INFO|Microsoft.Hosting.Lifetime|Application started. Press Ctrl+C to shut down. |url: |action: |Microsoft.Extensions.Hosting.Internal.ConsoleLifetime.OnApplicationStarted| body: 
2024-01-24 17:31:48.4310|0|INFO|Microsoft.Hosting.Lifetime|Hosting environment: Development |url: |action: |Microsoft.Extensions.Hosting.Internal.ConsoleLifetime.OnApplicationStarted| body: 
2024-01-24 17:31:48.4739|0|INFO|Microsoft.Hosting.Lifetime|Content root path: C:\Users\DVChepelev2\source\repos\RentApplication\RentApplication |url: |action: |Microsoft.Extensions.Hosting.Internal.ConsoleLifetime.OnApplicationStarted| body: 
2024-01-24 17:31:49.3949|0|INFO|Microsoft.AspNetCore.Hosting.Diagnostics|Request starting HTTP/2 GET https://localhost:7205/swagger - - |url: https://localhost/swagger|action: |Microsoft.AspNetCore.Hosting.HostingApplicationDiagnostics.LogRequestStarting| body: 
2024-01-24 17:31:49.4612|0|INFO|Microsoft.AspNetCore.Hosting.Diagnostics|Request finished HTTP/2 GET https://localhost:7205/swagger - - - 404 0 - 68.2593ms |url: https://localhost/swagger|action: |Microsoft.AspNetCore.Hosting.HostingApplicationDiagnostics.LogRequestFinished| body: 
2024-01-24 17:31:59.5995|0|INFO|Microsoft.AspNetCore.Hosting.Diagnostics|Request starting HTTP/1.1 POST https://localhost:7205/user/register application/json 55 |url: https://localhost/user/register|action: |Microsoft.AspNetCore.Hosting.HostingApplicationDiagnostics.LogRequestStarting| body: 
2024-01-24 17:31:59.5995|0|INFO|Microsoft.AspNetCore.Routing.EndpointMiddleware|Executing endpoint 'RentApplication.Controllers.UserController.Register (RentApplication)' |url: https://localhost/user/register|action: Register|Microsoft.AspNetCore.Routing.EndpointMiddleware+Log.ExecutingEndpoint| body: 
2024-01-24 17:31:59.6322|0|INFO|Microsoft.AspNetCore.Mvc.Infrastructure.ControllerActionInvoker|Route matched with {action = "Register", controller = "User"}. Executing controller action with signature System.Threading.Tasks.Task`1[Microsoft.AspNetCore.Mvc.IActionResult] Register(RentApplication.Models.RegisterUserModels) on controller RentApplication.Controllers.UserController (RentApplication). |url: https://localhost/user/register|action: Register|Microsoft.AspNetCore.Mvc.MvcCoreLoggerExtensions.ExecutingAction| body: 
2024-01-24 17:31:59.6322|0|INFO|Microsoft.AspNetCore.Authorization.DefaultAuthorizationService|Authorization failed. These requirements were not met:
DenyAnonymousAuthorizationRequirement: Requires an authenticated user. |url: https://localhost/user/register|action: Register|Microsoft.Extensions.Logging.LoggingExtensions.UserAuthorizationFailed| body: 
2024-01-24 17:31:59.6322|0|INFO|Microsoft.AspNetCore.Mvc.Infrastructure.ControllerActionInvoker|Authorization failed for the request at filter 'Microsoft.AspNetCore.Mvc.Authorization.AuthorizeFilter'. |url: https://localhost/user/register|action: Register|Microsoft.AspNetCore.Mvc.Infrastructure.ResourceInvoker.Next| body: 
2024-01-24 17:31:59.6322|0|INFO|Microsoft.AspNetCore.Mvc.ChallengeResult|Executing ChallengeResult with authentication schemes (). |url: https://localhost/user/register|action: Register|Microsoft.AspNetCore.Mvc.MvcCoreLoggerExtensions.ChallengeResultExecuting| body: 
2024-01-24 17:31:59.6468|0|INFO|Microsoft.AspNetCore.Mvc.Infrastructure.ControllerActionInvoker|Executed action RentApplication.Controllers.UserController.Register (RentApplication) in 10.6825ms |url: https://localhost/user/register|action: Register|Microsoft.AspNetCore.Mvc.MvcCoreLoggerExtensions.ExecutedAction| body: 
2024-01-24 17:31:59.6468|0|INFO|Microsoft.AspNetCore.Routing.EndpointMiddleware|Executed endpoint 'RentApplication.Controllers.UserController.Register (RentApplication)' |url: https://localhost/user/register|action: Register|Microsoft.AspNetCore.Routing.EndpointMiddleware+Log.ExecutedEndpoint| body: 
2024-01-24 17:31:59.6912|0|INFO|Microsoft.AspNetCore.Hosting.Diagnostics|Request finished HTTP/1.1 POST https://localhost:7205/user/register application/json 55 - 500 0 - 101.4077ms |url: https://localhost/user/register|action: |Microsoft.AspNetCore.Hosting.HostingApplicationDiagnostics.LogRequestFinished| body: 
2024-01-24 17:32:01.0759|0|INFO|Microsoft.AspNetCore.Hosting.Diagnostics|Request starting HTTP/1.1 POST https://localhost:7205/user/register application/json 55 |url: https://localhost/user/register|action: |Microsoft.AspNetCore.Hosting.HostingApplicationDiagnostics.LogRequestStarting| body: 
2024-01-24 17:32:01.0759|0|INFO|Microsoft.AspNetCore.Routing.EndpointMiddleware|Executing endpoint 'RentApplication.Controllers.UserController.Register (RentApplication)' |url: https://localhost/user/register|action: Register|Microsoft.AspNetCore.Routing.EndpointMiddleware+Log.ExecutingEndpoint| body: 
2024-01-24 17:32:01.0759|0|INFO|Microsoft.AspNetCore.Mvc.Infrastructure.ControllerActionInvoker|Route matched with {action = "Register", controller = "User"}. Executing controller action with signature System.Threading.Tasks.Task`1[Microsoft.AspNetCore.Mvc.IActionResult] Register(RentApplication.Models.RegisterUserModels) on controller RentApplication.Controllers.UserController (RentApplication). |url: https://localhost/user/register|action: Register|Microsoft.AspNetCore.Mvc.MvcCoreLoggerExtensions.ExecutingAction| body: 
2024-01-24 17:32:01.0759|0|INFO|Microsoft.AspNetCore.Authorization.DefaultAuthorizationService|Authorization failed. These requirements were not met:
DenyAnonymousAuthorizationRequirement: Requires an authenticated user. |url: https://localhost/user/register|action: Register|Microsoft.Extensions.Logging.LoggingExtensions.UserAuthorizationFailed| body: 
2024-01-24 17:32:01.0759|0|INFO|Microsoft.AspNetCore.Mvc.Infrastructure.ControllerActionInvoker|Authorization failed for the request at filter 'Microsoft.AspNetCore.Mvc.Authorization.AuthorizeFilter'. |url: https://localhost/user/register|action: Register|Microsoft.AspNetCore.Mvc.Infrastructure.ResourceInvoker.Next| body: 
2024-01-24 17:32:01.0803|0|INFO|Microsoft.AspNetCore.Mvc.ChallengeResult|Executing ChallengeResult with authentication schemes (). |url: https://localhost/user/register|action: Register|Microsoft.AspNetCore.Mvc.MvcCoreLoggerExtensions.ChallengeResultExecuting| body: 
2024-01-24 17:32:01.0803|0|INFO|Microsoft.AspNetCore.Mvc.Infrastructure.ControllerActionInvoker|Executed action RentApplication.Controllers.UserController.Register (RentApplication) in 2.3784ms |url: https://localhost/user/register|action: Register|Microsoft.AspNetCore.Mvc.MvcCoreLoggerExtensions.ExecutedAction| body: 
2024-01-24 17:32:01.0803|0|INFO|Microsoft.AspNetCore.Routing.EndpointMiddleware|Executed endpoint 'RentApplication.Controllers.UserController.Register (RentApplication)' |url: https://localhost/user/register|action: Register|Microsoft.AspNetCore.Routing.EndpointMiddleware+Log.ExecutedEndpoint| body: 
2024-01-24 17:32:01.0803|0|INFO|Microsoft.AspNetCore.Hosting.Diagnostics|Request finished HTTP/1.1 POST https://localhost:7205/user/register application/json 55 - 500 0 - 12.6471ms |url: https://localhost/user/register|action: |Microsoft.AspNetCore.Hosting.HostingApplicationDiagnostics.LogRequestFinished| body: 
2024-01-24 17:32:13.2128|0|INFO|Microsoft.AspNetCore.Hosting.Diagnostics|Request starting HTTP/1.1 POST https://localhost:7205/user/register application/json 55 |url: https://localhost/user/register|action: |Microsoft.AspNetCore.Hosting.HostingApplicationDiagnostics.LogRequestStarting| body: 
2024-01-24 17:32:13.2128|0|INFO|Microsoft.AspNetCore.Routing.EndpointMiddleware|Executing endpoint 'RentApplication.Controllers.UserController.Register (RentApplication)' |url: https://localhost/user/register|action: Register|Microsoft.AspNetCore.Routing.EndpointMiddleware+Log.ExecutingEndpoint| body: 
2024-01-24 17:32:13.2128|0|INFO|Microsoft.AspNetCore.Mvc.Infrastructure.ControllerActionInvoker|Route matched with {action = "Register", controller = "User"}. Executing controller action with signature System.Threading.Tasks.Task`1[Microsoft.AspNetCore.Mvc.IActionResult] Register(RentApplication.Models.RegisterUserModels) on controller RentApplication.Controllers.UserController (RentApplication). |url: https://localhost/user/register|action: Register|Microsoft.AspNetCore.Mvc.MvcCoreLoggerExtensions.ExecutingAction| body: 
2024-01-24 17:32:13.2128|0|INFO|Microsoft.AspNetCore.Authorization.DefaultAuthorizationService|Authorization failed. These requirements were not met:
DenyAnonymousAuthorizationRequirement: Requires an authenticated user. |url: https://localhost/user/register|action: Register|Microsoft.Extensions.Logging.LoggingExtensions.UserAuthorizationFailed| body: 
2024-01-24 17:32:13.2128|0|INFO|Microsoft.AspNetCore.Mvc.Infrastructure.ControllerActionInvoker|Authorization failed for the request at filter 'Microsoft.AspNetCore.Mvc.Authorization.AuthorizeFilter'. |url: https://localhost/user/register|action: Register|Microsoft.AspNetCore.Mvc.Infrastructure.ResourceInvoker.Next| body: 
2024-01-24 17:32:13.2128|0|INFO|Microsoft.AspNetCore.Mvc.ChallengeResult|Executing ChallengeResult with authentication schemes (). |url: https://localhost/user/register|action: Register|Microsoft.AspNetCore.Mvc.MvcCoreLoggerExtensions.ChallengeResultExecuting| body: 
2024-01-24 17:32:13.2128|0|INFO|Microsoft.AspNetCore.Mvc.Infrastructure.ControllerActionInvoker|Executed action RentApplication.Controllers.UserController.Register (RentApplication) in 2.6ms |url: https://localhost/user/register|action: Register|Microsoft.AspNetCore.Mvc.MvcCoreLoggerExtensions.ExecutedAction| body: 
2024-01-24 17:32:13.2128|0|INFO|Microsoft.AspNetCore.Routing.EndpointMiddleware|Executed endpoint 'RentApplication.Controllers.UserController.Register (RentApplication)' |url: https://localhost/user/register|action: Register|Microsoft.AspNetCore.Routing.EndpointMiddleware+Log.ExecutedEndpoint| body: 
2024-01-24 17:32:13.2213|0|INFO|Microsoft.AspNetCore.Hosting.Diagnostics|Request finished HTTP/1.1 POST https://localhost:7205/user/register application/json 55 - 500 0 - 10.9427ms |url: https://localhost/user/register|action: |Microsoft.AspNetCore.Hosting.HostingApplicationDiagnostics.LogRequestFinished| body: 
2024-01-24 17:33:35.4981|0|INFO|Microsoft.AspNetCore.DataProtection.KeyManagement.XmlKeyManager|User profile is available. Using 'C:\Users\DVChepelev2\AppData\Local\ASP.NET\DataProtection-Keys' as key repository and Windows DPAPI to encrypt keys at rest. |url: |action: |Microsoft.Extensions.Logging.LoggingExtensions.UsingProfileAsKeyRepositoryWithDPAPI| body: 
2024-01-24 17:33:35.8390|0|INFO|Microsoft.Hosting.Lifetime|Application started. Press Ctrl+C to shut down. |url: |action: |Microsoft.Extensions.Hosting.Internal.ConsoleLifetime.OnApplicationStarted| body: 
2024-01-24 17:33:35.8390|0|INFO|Microsoft.Hosting.Lifetime|Hosting environment: Development |url: |action: |Microsoft.Extensions.Hosting.Internal.ConsoleLifetime.OnApplicationStarted| body: 
2024-01-24 17:33:35.8451|0|INFO|Microsoft.Hosting.Lifetime|Content root path: C:\Users\DVChepelev2\source\repos\RentApplication\RentApplication |url: |action: |Microsoft.Extensions.Hosting.Internal.ConsoleLifetime.OnApplicationStarted| body: 
2024-01-24 17:33:35.8641|0|INFO|Microsoft.AspNetCore.Hosting.Diagnostics|Request starting HTTP/2 GET https://localhost:44395/swagger - - |url: https://localhost/swagger|action: |Microsoft.AspNetCore.Hosting.HostingApplicationDiagnostics.LogRequestStarting| body: 
2024-01-24 17:33:35.9499|0|INFO|Microsoft.AspNetCore.Hosting.Diagnostics|Request finished HTTP/2 GET https://localhost:44395/swagger - - - 404 - - 87.7964ms |url: https://localhost/swagger|action: |Microsoft.AspNetCore.Hosting.HostingApplicationDiagnostics.LogRequestFinished| body: 
2024-01-24 17:33:44.0684|0|INFO|Microsoft.AspNetCore.Hosting.Diagnostics|Request starting HTTP/1.1 POST https://localhost:44395/user/register application/json 55 |url: https://localhost/user/register|action: |Microsoft.AspNetCore.Hosting.HostingApplicationDiagnostics.LogRequestStarting| body: 
2024-01-24 17:33:44.0684|0|INFO|Microsoft.AspNetCore.Routing.EndpointMiddleware|Executing endpoint 'RentApplication.Controllers.UserController.Register (RentApplication)' |url: https://localhost/user/register|action: Register|Microsoft.AspNetCore.Routing.EndpointMiddleware+Log.ExecutingEndpoint| body: 
2024-01-24 17:33:44.1005|0|INFO|Microsoft.AspNetCore.Mvc.Infrastructure.ControllerActionInvoker|Route matched with {action = "Register", controller = "User"}. Executing controller action with signature System.Threading.Tasks.Task`1[Microsoft.AspNetCore.Mvc.IActionResult] Register(RentApplication.Models.RegisterUserModels) on controller RentApplication.Controllers.UserController (RentApplication). |url: https://localhost/user/register|action: Register|Microsoft.AspNetCore.Mvc.MvcCoreLoggerExtensions.ExecutingAction| body: 
2024-01-24 17:33:44.1005|0|INFO|Microsoft.AspNetCore.Authorization.DefaultAuthorizationService|Authorization failed. These requirements were not met:
DenyAnonymousAuthorizationRequirement: Requires an authenticated user. |url: https://localhost/user/register|action: Register|Microsoft.Extensions.Logging.LoggingExtensions.UserAuthorizationFailed| body: 
2024-01-24 17:33:44.1005|0|INFO|Microsoft.AspNetCore.Mvc.Infrastructure.ControllerActionInvoker|Authorization failed for the request at filter 'Microsoft.AspNetCore.Mvc.Authorization.AuthorizeFilter'. |url: https://localhost/user/register|action: Register|Microsoft.AspNetCore.Mvc.Infrastructure.ResourceInvoker.Next| body: 
2024-01-24 17:33:44.1005|0|INFO|Microsoft.AspNetCore.Mvc.ChallengeResult|Executing ChallengeResult with authentication schemes (). |url: https://localhost/user/register|action: Register|Microsoft.AspNetCore.Mvc.MvcCoreLoggerExtensions.ChallengeResultExecuting| body: 
2024-01-24 17:33:44.1146|0|INFO|Microsoft.AspNetCore.Mvc.Infrastructure.ControllerActionInvoker|Executed action RentApplication.Controllers.UserController.Register (RentApplication) in 10.2714ms |url: https://localhost/user/register|action: Register|Microsoft.AspNetCore.Mvc.MvcCoreLoggerExtensions.ExecutedAction| body: 
2024-01-24 17:33:44.1146|0|INFO|Microsoft.AspNetCore.Routing.EndpointMiddleware|Executed endpoint 'RentApplication.Controllers.UserController.Register (RentApplication)' |url: https://localhost/user/register|action: Register|Microsoft.AspNetCore.Routing.EndpointMiddleware+Log.ExecutedEndpoint| body: 
2024-01-24 17:33:44.1589|0|INFO|Microsoft.AspNetCore.Hosting.Diagnostics|Request finished HTTP/1.1 POST https://localhost:44395/user/register application/json 55 - 500 - - 90.4869ms |url: https://localhost/user/register|action: |Microsoft.AspNetCore.Hosting.HostingApplicationDiagnostics.LogRequestFinished| body: 
2024-01-24 17:34:17.1880|0|INFO|Microsoft.AspNetCore.Hosting.Diagnostics|Request starting HTTP/1.1 POST https://localhost:44395/user/register application/json 55 |url: https://localhost/user/register|action: |Microsoft.AspNetCore.Hosting.HostingApplicationDiagnostics.LogRequestStarting| body: 
2024-01-24 17:34:17.2220|0|INFO|Microsoft.AspNetCore.Routing.EndpointMiddleware|Executing endpoint 'RentApplication.Controllers.UserController.Register (RentApplication)' |url: https://localhost/user/register|action: Register|Microsoft.AspNetCore.Routing.EndpointMiddleware+Log.ExecutingEndpoint| body: 
2024-01-24 17:34:17.2220|0|INFO|Microsoft.AspNetCore.Mvc.Infrastructure.ControllerActionInvoker|Route matched with {action = "Register", controller = "User"}. Executing controller action with signature System.Threading.Tasks.Task`1[Microsoft.AspNetCore.Mvc.IActionResult] Register(RentApplication.Models.RegisterUserModels) on controller RentApplication.Controllers.UserController (RentApplication). |url: https://localhost/user/register|action: Register|Microsoft.AspNetCore.Mvc.MvcCoreLoggerExtensions.ExecutingAction| body: 
2024-01-24 17:34:17.2220|0|INFO|Microsoft.AspNetCore.Authorization.DefaultAuthorizationService|Authorization failed. These requirements were not met:
DenyAnonymousAuthorizationRequirement: Requires an authenticated user. |url: https://localhost/user/register|action: Register|Microsoft.Extensions.Logging.LoggingExtensions.UserAuthorizationFailed| body: 
2024-01-24 17:34:17.2220|0|INFO|Microsoft.AspNetCore.Mvc.Infrastructure.ControllerActionInvoker|Authorization failed for the request at filter 'Microsoft.AspNetCore.Mvc.Authorization.AuthorizeFilter'. |url: https://localhost/user/register|action: Register|Microsoft.AspNetCore.Mvc.Infrastructure.ResourceInvoker.Next| body: 
2024-01-24 17:34:17.2491|0|INFO|Microsoft.AspNetCore.Mvc.ChallengeResult|Executing ChallengeResult with authentication schemes (). |url: https://localhost/user/register|action: Register|Microsoft.AspNetCore.Mvc.MvcCoreLoggerExtensions.ChallengeResultExecuting| body: 
2024-01-24 17:34:17.2491|0|INFO|Microsoft.AspNetCore.Mvc.Infrastructure.ControllerActionInvoker|Executed action RentApplication.Controllers.UserController.Register (RentApplication) in 27.343ms |url: https://localhost/user/register|action: Register|Microsoft.AspNetCore.Mvc.MvcCoreLoggerExtensions.ExecutedAction| body: 
2024-01-24 17:34:17.2491|0|INFO|Microsoft.AspNetCore.Routing.EndpointMiddleware|Executed endpoint 'RentApplication.Controllers.UserController.Register (RentApplication)' |url: https://localhost/user/register|action: Register|Microsoft.AspNetCore.Routing.EndpointMiddleware+Log.ExecutedEndpoint| body: 
2024-01-24 17:34:17.2520|0|INFO|Microsoft.AspNetCore.Hosting.Diagnostics|Request finished HTTP/1.1 POST https://localhost:44395/user/register application/json 55 - 500 - - 68.0785ms |url: https://localhost/user/register|action: |Microsoft.AspNetCore.Hosting.HostingApplicationDiagnostics.LogRequestFinished| body: 
2024-01-24 17:34:18.3338|0|INFO|Microsoft.AspNetCore.Hosting.Diagnostics|Request starting HTTP/1.1 POST https://localhost:44395/user/register application/json 55 |url: https://localhost/user/register|action: |Microsoft.AspNetCore.Hosting.HostingApplicationDiagnostics.LogRequestStarting| body: 
2024-01-24 17:34:18.3338|0|INFO|Microsoft.AspNetCore.Routing.EndpointMiddleware|Executing endpoint 'RentApplication.Controllers.UserController.Register (RentApplication)' |url: https://localhost/user/register|action: Register|Microsoft.AspNetCore.Routing.EndpointMiddleware+Log.ExecutingEndpoint| body: 
2024-01-24 17:34:18.3338|0|INFO|Microsoft.AspNetCore.Mvc.Infrastructure.ControllerActionInvoker|Route matched with {action = "Register", controller = "User"}. Executing controller action with signature System.Threading.Tasks.Task`1[Microsoft.AspNetCore.Mvc.IActionResult] Register(RentApplication.Models.RegisterUserModels) on controller RentApplication.Controllers.UserController (RentApplication). |url: https://localhost/user/register|action: Register|Microsoft.AspNetCore.Mvc.MvcCoreLoggerExtensions.ExecutingAction| body: 
2024-01-24 17:34:18.3338|0|INFO|Microsoft.AspNetCore.Authorization.DefaultAuthorizationService|Authorization failed. These requirements were not met:
DenyAnonymousAuthorizationRequirement: Requires an authenticated user. |url: https://localhost/user/register|action: Register|Microsoft.Extensions.Logging.LoggingExtensions.UserAuthorizationFailed| body: 
2024-01-24 17:34:18.3338|0|INFO|Microsoft.AspNetCore.Mvc.Infrastructure.ControllerActionInvoker|Authorization failed for the request at filter 'Microsoft.AspNetCore.Mvc.Authorization.AuthorizeFilter'. |url: https://localhost/user/register|action: Register|Microsoft.AspNetCore.Mvc.Infrastructure.ResourceInvoker.Next| body: 
2024-01-24 17:34:18.3338|0|INFO|Microsoft.AspNetCore.Mvc.ChallengeResult|Executing ChallengeResult with authentication schemes (). |url: https://localhost/user/register|action: Register|Microsoft.AspNetCore.Mvc.MvcCoreLoggerExtensions.ChallengeResultExecuting| body: 
2024-01-24 17:34:18.3338|0|INFO|Microsoft.AspNetCore.Mvc.Infrastructure.ControllerActionInvoker|Executed action RentApplication.Controllers.UserController.Register (RentApplication) in 2.1314ms |url: https://localhost/user/register|action: Register|Microsoft.AspNetCore.Mvc.MvcCoreLoggerExtensions.ExecutedAction| body: 
2024-01-24 17:34:18.3338|0|INFO|Microsoft.AspNetCore.Routing.EndpointMiddleware|Executed endpoint 'RentApplication.Controllers.UserController.Register (RentApplication)' |url: https://localhost/user/register|action: Register|Microsoft.AspNetCore.Routing.EndpointMiddleware+Log.ExecutedEndpoint| body: 
2024-01-24 17:34:18.3338|0|INFO|Microsoft.AspNetCore.Hosting.Diagnostics|Request finished HTTP/1.1 POST https://localhost:44395/user/register application/json 55 - 500 - - 8.4122ms |url: https://localhost/user/register|action: |Microsoft.AspNetCore.Hosting.HostingApplicationDiagnostics.LogRequestFinished| body: 
2024-01-24 17:34:46.5559|0|INFO|Microsoft.AspNetCore.DataProtection.KeyManagement.XmlKeyManager|User profile is available. Using 'C:\Users\DVChepelev2\AppData\Local\ASP.NET\DataProtection-Keys' as key repository and Windows DPAPI to encrypt keys at rest. |url: |action: |Microsoft.Extensions.Logging.LoggingExtensions.UsingProfileAsKeyRepositoryWithDPAPI| body: 
2024-01-24 17:34:46.9431|0|INFO|Microsoft.Hosting.Lifetime|Application started. Press Ctrl+C to shut down. |url: |action: |Microsoft.Extensions.Hosting.Internal.ConsoleLifetime.OnApplicationStarted| body: 
2024-01-24 17:34:46.9729|0|INFO|Microsoft.Hosting.Lifetime|Hosting environment: Development |url: |action: |Microsoft.Extensions.Hosting.Internal.ConsoleLifetime.OnApplicationStarted| body: 
2024-01-24 17:34:46.9729|0|INFO|Microsoft.Hosting.Lifetime|Content root path: C:\Users\DVChepelev2\source\repos\RentApplication\RentApplication |url: |action: |Microsoft.Extensions.Hosting.Internal.ConsoleLifetime.OnApplicationStarted| body: 
2024-01-24 17:34:46.9933|0|INFO|Microsoft.AspNetCore.Hosting.Diagnostics|Request starting HTTP/2 GET https://localhost:44395/swagger - - |url: https://localhost/swagger|action: |Microsoft.AspNetCore.Hosting.HostingApplicationDiagnostics.LogRequestStarting| body: 
2024-01-24 17:34:47.0786|0|INFO|Microsoft.AspNetCore.Hosting.Diagnostics|Request finished HTTP/2 GET https://localhost:44395/swagger - - - 404 - - 87.3656ms |url: https://localhost/swagger|action: |Microsoft.AspNetCore.Hosting.HostingApplicationDiagnostics.LogRequestFinished| body: 
2024-01-24 17:38:45.5428|0|INFO|Microsoft.AspNetCore.DataProtection.KeyManagement.XmlKeyManager|User profile is available. Using 'C:\Users\DVChepelev2\AppData\Local\ASP.NET\DataProtection-Keys' as key repository and Windows DPAPI to encrypt keys at rest. |url: |action: |Microsoft.Extensions.Logging.LoggingExtensions.UsingProfileAsKeyRepositoryWithDPAPI| body: 
2024-01-24 17:38:45.8859|0|INFO|Microsoft.Hosting.Lifetime|Application started. Press Ctrl+C to shut down. |url: |action: |Microsoft.Extensions.Hosting.Internal.ConsoleLifetime.OnApplicationStarted| body: 
2024-01-24 17:38:45.9200|0|INFO|Microsoft.Hosting.Lifetime|Hosting environment: Development |url: |action: |Microsoft.Extensions.Hosting.Internal.ConsoleLifetime.OnApplicationStarted| body: 
2024-01-24 17:38:45.9200|0|INFO|Microsoft.Hosting.Lifetime|Content root path: C:\Users\DVChepelev2\source\repos\RentApplication\RentApplication |url: |action: |Microsoft.Extensions.Hosting.Internal.ConsoleLifetime.OnApplicationStarted| body: 
2024-01-24 17:38:45.9396|0|INFO|Microsoft.AspNetCore.Hosting.Diagnostics|Request starting HTTP/2 GET https://localhost:44395/swagger - - |url: https://localhost/swagger|action: |Microsoft.AspNetCore.Hosting.HostingApplicationDiagnostics.LogRequestStarting| body: 
2024-01-24 17:38:46.0230|0|INFO|Microsoft.AspNetCore.Hosting.Diagnostics|Request finished HTTP/2 GET https://localhost:44395/swagger - - - 404 - - 85.5939ms |url: https://localhost/swagger|action: |Microsoft.AspNetCore.Hosting.HostingApplicationDiagnostics.LogRequestFinished| body: 
2024-01-24 17:38:49.5346|0|INFO|Microsoft.AspNetCore.Hosting.Diagnostics|Request starting HTTP/1.1 POST https://localhost:44395/user/register application/json 55 |url: https://localhost/user/register|action: |Microsoft.AspNetCore.Hosting.HostingApplicationDiagnostics.LogRequestStarting| body: 
2024-01-24 17:38:49.5346|0|INFO|Microsoft.AspNetCore.Routing.EndpointMiddleware|Executing endpoint 'RentApplication.Controllers.UserController.Register (RentApplication)' |url: https://localhost/user/register|action: Register|Microsoft.AspNetCore.Routing.EndpointMiddleware+Log.ExecutingEndpoint| body: 
2024-01-24 17:38:49.5670|0|INFO|Microsoft.AspNetCore.Mvc.Infrastructure.ControllerActionInvoker|Route matched with {action = "Register", controller = "User"}. Executing controller action with signature System.Threading.Tasks.Task`1[Microsoft.AspNetCore.Mvc.IActionResult] Register(RentApplication.Models.RegisterUserModels) on controller RentApplication.Controllers.UserController (RentApplication). |url: https://localhost/user/register|action: Register|Microsoft.AspNetCore.Mvc.MvcCoreLoggerExtensions.ExecutingAction| body: 
2024-01-24 17:38:49.5670|0|INFO|Microsoft.AspNetCore.Authorization.DefaultAuthorizationService|Authorization failed. These requirements were not met:
DenyAnonymousAuthorizationRequirement: Requires an authenticated user. |url: https://localhost/user/register|action: Register|Microsoft.Extensions.Logging.LoggingExtensions.UserAuthorizationFailed| body: 
2024-01-24 17:38:49.5670|0|INFO|Microsoft.AspNetCore.Mvc.Infrastructure.ControllerActionInvoker|Authorization failed for the request at filter 'Microsoft.AspNetCore.Mvc.Authorization.AuthorizeFilter'. |url: https://localhost/user/register|action: Register|Microsoft.AspNetCore.Mvc.Infrastructure.ResourceInvoker.Next| body: 
2024-01-24 17:38:49.5670|0|INFO|Microsoft.AspNetCore.Mvc.ChallengeResult|Executing ChallengeResult with authentication schemes (). |url: https://localhost/user/register|action: Register|Microsoft.AspNetCore.Mvc.MvcCoreLoggerExtensions.ChallengeResultExecuting| body: 
2024-01-24 17:38:49.5803|0|INFO|Microsoft.AspNetCore.Mvc.Infrastructure.ControllerActionInvoker|Executed action RentApplication.Controllers.UserController.Register (RentApplication) in 9.6207ms |url: https://localhost/user/register|action: Register|Microsoft.AspNetCore.Mvc.MvcCoreLoggerExtensions.ExecutedAction| body: 
2024-01-24 17:38:49.5803|0|INFO|Microsoft.AspNetCore.Routing.EndpointMiddleware|Executed endpoint 'RentApplication.Controllers.UserController.Register (RentApplication)' |url: https://localhost/user/register|action: Register|Microsoft.AspNetCore.Routing.EndpointMiddleware+Log.ExecutedEndpoint| body: 
2024-01-24 17:38:49.6116|0|INFO|Microsoft.AspNetCore.Hosting.Diagnostics|Request finished HTTP/1.1 POST https://localhost:44395/user/register application/json 55 - 500 - - 87.7102ms |url: https://localhost/user/register|action: |Microsoft.AspNetCore.Hosting.HostingApplicationDiagnostics.LogRequestFinished| body: 
2024-01-24 17:38:50.5856|0|INFO|Microsoft.AspNetCore.Hosting.Diagnostics|Request starting HTTP/1.1 POST https://localhost:44395/user/register application/json 55 |url: https://localhost/user/register|action: |Microsoft.AspNetCore.Hosting.HostingApplicationDiagnostics.LogRequestStarting| body: 
2024-01-24 17:38:50.5856|0|INFO|Microsoft.AspNetCore.Routing.EndpointMiddleware|Executing endpoint 'RentApplication.Controllers.UserController.Register (RentApplication)' |url: https://localhost/user/register|action: Register|Microsoft.AspNetCore.Routing.EndpointMiddleware+Log.ExecutingEndpoint| body: 
2024-01-24 17:38:50.5856|0|INFO|Microsoft.AspNetCore.Mvc.Infrastructure.ControllerActionInvoker|Route matched with {action = "Register", controller = "User"}. Executing controller action with signature System.Threading.Tasks.Task`1[Microsoft.AspNetCore.Mvc.IActionResult] Register(RentApplication.Models.RegisterUserModels) on controller RentApplication.Controllers.UserController (RentApplication). |url: https://localhost/user/register|action: Register|Microsoft.AspNetCore.Mvc.MvcCoreLoggerExtensions.ExecutingAction| body: 
2024-01-24 17:38:50.5856|0|INFO|Microsoft.AspNetCore.Authorization.DefaultAuthorizationService|Authorization failed. These requirements were not met:
DenyAnonymousAuthorizationRequirement: Requires an authenticated user. |url: https://localhost/user/register|action: Register|Microsoft.Extensions.Logging.LoggingExtensions.UserAuthorizationFailed| body: 
2024-01-24 17:38:50.5856|0|INFO|Microsoft.AspNetCore.Mvc.Infrastructure.ControllerActionInvoker|Authorization failed for the request at filter 'Microsoft.AspNetCore.Mvc.Authorization.AuthorizeFilter'. |url: https://localhost/user/register|action: Register|Microsoft.AspNetCore.Mvc.Infrastructure.ResourceInvoker.Next| body: 
2024-01-24 17:38:50.5856|0|INFO|Microsoft.AspNetCore.Mvc.ChallengeResult|Executing ChallengeResult with authentication schemes (). |url: https://localhost/user/register|action: Register|Microsoft.AspNetCore.Mvc.MvcCoreLoggerExtensions.ChallengeResultExecuting| body: 
2024-01-24 17:38:50.5856|0|INFO|Microsoft.AspNetCore.Mvc.Infrastructure.ControllerActionInvoker|Executed action RentApplication.Controllers.UserController.Register (RentApplication) in 1.4751ms |url: https://localhost/user/register|action: Register|Microsoft.AspNetCore.Mvc.MvcCoreLoggerExtensions.ExecutedAction| body: 
2024-01-24 17:38:50.5856|0|INFO|Microsoft.AspNetCore.Routing.EndpointMiddleware|Executed endpoint 'RentApplication.Controllers.UserController.Register (RentApplication)' |url: https://localhost/user/register|action: Register|Microsoft.AspNetCore.Routing.EndpointMiddleware+Log.ExecutedEndpoint| body: 
2024-01-24 17:38:50.5856|0|INFO|Microsoft.AspNetCore.Hosting.Diagnostics|Request finished HTTP/1.1 POST https://localhost:44395/user/register application/json 55 - 500 - - 7.1637ms |url: https://localhost/user/register|action: |Microsoft.AspNetCore.Hosting.HostingApplicationDiagnostics.LogRequestFinished| body: 
2024-01-24 17:41:20.5117|0|INFO|Microsoft.AspNetCore.Hosting.Diagnostics|Request starting HTTP/1.1 POST https://localhost:44395/user/register application/json 55 |url: https://localhost/user/register|action: |Microsoft.AspNetCore.Hosting.HostingApplicationDiagnostics.LogRequestStarting| body: 
2024-01-24 17:41:20.5484|0|INFO|Microsoft.AspNetCore.Routing.EndpointMiddleware|Executing endpoint 'RentApplication.Controllers.UserController.Register (RentApplication)' |url: https://localhost/user/register|action: Register|Microsoft.AspNetCore.Routing.EndpointMiddleware+Log.ExecutingEndpoint| body: 
2024-01-24 17:41:20.5484|0|INFO|Microsoft.AspNetCore.Mvc.Infrastructure.ControllerActionInvoker|Route matched with {action = "Register", controller = "User"}. Executing controller action with signature System.Threading.Tasks.Task`1[Microsoft.AspNetCore.Mvc.IActionResult] Register(RentApplication.Models.RegisterUserModels) on controller RentApplication.Controllers.UserController (RentApplication). |url: https://localhost/user/register|action: Register|Microsoft.AspNetCore.Mvc.MvcCoreLoggerExtensions.ExecutingAction| body: 
2024-01-24 17:41:20.5484|0|INFO|Microsoft.AspNetCore.Authorization.DefaultAuthorizationService|Authorization failed. These requirements were not met:
DenyAnonymousAuthorizationRequirement: Requires an authenticated user. |url: https://localhost/user/register|action: Register|Microsoft.Extensions.Logging.LoggingExtensions.UserAuthorizationFailed| body: 
2024-01-24 17:41:20.5484|0|INFO|Microsoft.AspNetCore.Mvc.Infrastructure.ControllerActionInvoker|Authorization failed for the request at filter 'Microsoft.AspNetCore.Mvc.Authorization.AuthorizeFilter'. |url: https://localhost/user/register|action: Register|Microsoft.AspNetCore.Mvc.Infrastructure.ResourceInvoker.Next| body: 
2024-01-24 17:41:20.5484|0|INFO|Microsoft.AspNetCore.Mvc.ChallengeResult|Executing ChallengeResult with authentication schemes (). |url: https://localhost/user/register|action: Register|Microsoft.AspNetCore.Mvc.MvcCoreLoggerExtensions.ChallengeResultExecuting| body: 
2024-01-24 17:41:20.5484|0|INFO|Microsoft.AspNetCore.Mvc.Infrastructure.ControllerActionInvoker|Executed action RentApplication.Controllers.UserController.Register (RentApplication) in 2.308ms |url: https://localhost/user/register|action: Register|Microsoft.AspNetCore.Mvc.MvcCoreLoggerExtensions.ExecutedAction| body: 
2024-01-24 17:41:20.5484|0|INFO|Microsoft.AspNetCore.Routing.EndpointMiddleware|Executed endpoint 'RentApplication.Controllers.UserController.Register (RentApplication)' |url: https://localhost/user/register|action: Register|Microsoft.AspNetCore.Routing.EndpointMiddleware+Log.ExecutedEndpoint| body: 
2024-01-24 17:41:20.5800|0|INFO|Microsoft.AspNetCore.Hosting.Diagnostics|Request finished HTTP/1.1 POST https://localhost:44395/user/register application/json 55 - 500 - - 70.0248ms |url: https://localhost/user/register|action: |Microsoft.AspNetCore.Hosting.HostingApplicationDiagnostics.LogRequestFinished| body: 
2024-01-24 17:51:38.8375|0|INFO|Microsoft.AspNetCore.DataProtection.KeyManagement.XmlKeyManager|User profile is available. Using 'C:\Users\DVChepelev2\AppData\Local\ASP.NET\DataProtection-Keys' as key repository and Windows DPAPI to encrypt keys at rest. |url: |action: |Microsoft.Extensions.Logging.LoggingExtensions.UsingProfileAsKeyRepositoryWithDPAPI| body: 
2024-01-24 17:51:39.2224|0|INFO|Microsoft.Hosting.Lifetime|Application started. Press Ctrl+C to shut down. |url: |action: |Microsoft.Extensions.Hosting.Internal.ConsoleLifetime.OnApplicationStarted| body: 
2024-01-24 17:51:39.2224|0|INFO|Microsoft.Hosting.Lifetime|Hosting environment: Development |url: |action: |Microsoft.Extensions.Hosting.Internal.ConsoleLifetime.OnApplicationStarted| body: 
2024-01-24 17:51:39.2224|0|INFO|Microsoft.Hosting.Lifetime|Content root path: C:\Users\DVChepelev2\source\repos\RentApplication\RentApplication |url: |action: |Microsoft.Extensions.Hosting.Internal.ConsoleLifetime.OnApplicationStarted| body: 
2024-01-24 17:51:39.2533|0|INFO|Microsoft.AspNetCore.Hosting.Diagnostics|Request starting HTTP/1.1 GET http://localhost:2075/swagger - - |url: http://localhost/swagger|action: |Microsoft.AspNetCore.Hosting.HostingApplicationDiagnostics.LogRequestStarting| body: 
2024-01-24 17:51:39.3479|0|INFO|Microsoft.AspNetCore.Hosting.Diagnostics|Request finished HTTP/1.1 GET http://localhost:2075/swagger - - - 404 - - 96.6649ms |url: http://localhost/swagger|action: |Microsoft.AspNetCore.Hosting.HostingApplicationDiagnostics.LogRequestFinished| body: 
2024-01-24 17:51:51.1089|0|INFO|Microsoft.AspNetCore.Hosting.Diagnostics|Request starting HTTP/1.1 POST http://localhost:2075//user/register application/json 55 |url: http://localhost//user/register|action: |Microsoft.AspNetCore.Hosting.HostingApplicationDiagnostics.LogRequestStarting| body: 
2024-01-24 17:51:51.1166|0|INFO|Microsoft.AspNetCore.Hosting.Diagnostics|Request finished HTTP/1.1 POST http://localhost:2075//user/register application/json 55 - 404 - - 7.6994ms |url: http://localhost//user/register|action: |Microsoft.AspNetCore.Hosting.HostingApplicationDiagnostics.LogRequestFinished| body: 
2024-01-24 17:51:59.0686|0|INFO|Microsoft.AspNetCore.Hosting.Diagnostics|Request starting HTTP/1.1 POST http://localhost:2075/user/register application/json 55 |url: http://localhost/user/register|action: |Microsoft.AspNetCore.Hosting.HostingApplicationDiagnostics.LogRequestStarting| body: 
2024-01-24 17:51:59.0686|0|INFO|Microsoft.AspNetCore.Routing.EndpointMiddleware|Executing endpoint 'RentApplication.Controllers.UserController.Register (RentApplication)' |url: http://localhost/user/register|action: Register|Microsoft.AspNetCore.Routing.EndpointMiddleware+Log.ExecutingEndpoint| body: 
2024-01-24 17:51:59.1041|0|INFO|Microsoft.AspNetCore.Mvc.Infrastructure.ControllerActionInvoker|Route matched with {action = "Register", controller = "User"}. Executing controller action with signature System.Threading.Tasks.Task`1[Microsoft.AspNetCore.Mvc.IActionResult] Register(RentApplication.Models.RegisterUserModels) on controller RentApplication.Controllers.UserController (RentApplication). |url: http://localhost/user/register|action: Register|Microsoft.AspNetCore.Mvc.MvcCoreLoggerExtensions.ExecutingAction| body: 
2024-01-24 17:52:09.9514|0|INFO|Microsoft.AspNetCore.Mvc.Infrastructure.ControllerActionInvoker|Executed action RentApplication.Controllers.UserController.Register (RentApplication) in 10843.1104ms |url: http://localhost/user/register|action: Register|Microsoft.AspNetCore.Mvc.MvcCoreLoggerExtensions.ExecutedAction| body: 
2024-01-24 17:52:09.9514|0|INFO|Microsoft.AspNetCore.Routing.EndpointMiddleware|Executed endpoint 'RentApplication.Controllers.UserController.Register (RentApplication)' |url: http://localhost/user/register|action: Register|Microsoft.AspNetCore.Routing.EndpointMiddleware+Log.ExecutedEndpoint| body: 
2024-01-24 17:52:10.0092|0|INFO|Microsoft.AspNetCore.Hosting.Diagnostics|Request finished HTTP/1.1 POST http://localhost:2075/user/register application/json 55 - 500 - - 10947.5142ms |url: http://localhost/user/register|action: |Microsoft.AspNetCore.Hosting.HostingApplicationDiagnostics.LogRequestFinished| body: 
2024-01-24 17:53:55.8486|0|INFO|Microsoft.AspNetCore.Hosting.Diagnostics|Request starting HTTP/1.1 POST http://localhost:2075/user/register application/json 55 |url: http://localhost/user/register|action: |Microsoft.AspNetCore.Hosting.HostingApplicationDiagnostics.LogRequestStarting| body: 
2024-01-24 17:53:55.9120|0|INFO|Microsoft.AspNetCore.Routing.EndpointMiddleware|Executing endpoint 'RentApplication.Controllers.UserController.Register (RentApplication)' |url: http://localhost/user/register|action: Register|Microsoft.AspNetCore.Routing.EndpointMiddleware+Log.ExecutingEndpoint| body: 
2024-01-24 17:53:55.9120|0|INFO|Microsoft.AspNetCore.Mvc.Infrastructure.ControllerActionInvoker|Route matched with {action = "Register", controller = "User"}. Executing controller action with signature System.Threading.Tasks.Task`1[Microsoft.AspNetCore.Mvc.IActionResult] Register(RentApplication.Models.RegisterUserModels) on controller RentApplication.Controllers.UserController (RentApplication). |url: http://localhost/user/register|action: Register|Microsoft.AspNetCore.Mvc.MvcCoreLoggerExtensions.ExecutingAction| body: 
2024-01-24 17:54:23.4923|0|INFO|Microsoft.AspNetCore.DataProtection.KeyManagement.XmlKeyManager|User profile is available. Using 'C:\Users\DVChepelev2\AppData\Local\ASP.NET\DataProtection-Keys' as key repository and Windows DPAPI to encrypt keys at rest. |url: |action: |Microsoft.Extensions.Logging.LoggingExtensions.UsingProfileAsKeyRepositoryWithDPAPI| body: 
2024-01-24 17:54:23.8205|0|INFO|Microsoft.Hosting.Lifetime|Application started. Press Ctrl+C to shut down. |url: |action: |Microsoft.Extensions.Hosting.Internal.ConsoleLifetime.OnApplicationStarted| body: 
2024-01-24 17:54:23.8205|0|INFO|Microsoft.Hosting.Lifetime|Hosting environment: Development |url: |action: |Microsoft.Extensions.Hosting.Internal.ConsoleLifetime.OnApplicationStarted| body: 
2024-01-24 17:54:23.8205|0|INFO|Microsoft.Hosting.Lifetime|Content root path: C:\Users\DVChepelev2\source\repos\RentApplication\RentApplication |url: |action: |Microsoft.Extensions.Hosting.Internal.ConsoleLifetime.OnApplicationStarted| body: 
2024-01-24 17:54:23.8421|0|INFO|Microsoft.AspNetCore.Hosting.Diagnostics|Request starting HTTP/1.1 GET http://localhost:2075/swagger - - |url: http://localhost/swagger|action: |Microsoft.AspNetCore.Hosting.HostingApplicationDiagnostics.LogRequestStarting| body: 
2024-01-24 17:54:23.9274|0|INFO|Microsoft.AspNetCore.Hosting.Diagnostics|Request finished HTTP/1.1 GET http://localhost:2075/swagger - - - 404 - - 87.5445ms |url: http://localhost/swagger|action: |Microsoft.AspNetCore.Hosting.HostingApplicationDiagnostics.LogRequestFinished| body: 
2024-01-24 17:54:25.0167|0|INFO|Microsoft.AspNetCore.Hosting.Diagnostics|Request starting HTTP/1.1 POST http://localhost:2075/user/register application/json 55 |url: http://localhost/user/register|action: |Microsoft.AspNetCore.Hosting.HostingApplicationDiagnostics.LogRequestStarting| body: 
2024-01-24 17:54:25.0167|0|INFO|Microsoft.AspNetCore.Routing.EndpointMiddleware|Executing endpoint 'RentApplication.Controllers.UserController.Register (RentApplication)' |url: http://localhost/user/register|action: Register|Microsoft.AspNetCore.Routing.EndpointMiddleware+Log.ExecutingEndpoint| body: 
2024-01-24 17:54:25.0510|0|INFO|Microsoft.AspNetCore.Mvc.Infrastructure.ControllerActionInvoker|Route matched with {action = "Register", controller = "User"}. Executing controller action with signature System.Threading.Tasks.Task`1[Microsoft.AspNetCore.Mvc.IActionResult] Register(RentApplication.Models.RegisterUserModels) on controller RentApplication.Controllers.UserController (RentApplication). |url: http://localhost/user/register|action: Register|Microsoft.AspNetCore.Mvc.MvcCoreLoggerExtensions.ExecutingAction| body: 
2024-01-24 17:55:15.5283|0|INFO|Microsoft.AspNetCore.DataProtection.KeyManagement.XmlKeyManager|User profile is available. Using 'C:\Users\DVChepelev2\AppData\Local\ASP.NET\DataProtection-Keys' as key repository and Windows DPAPI to encrypt keys at rest. |url: |action: |Microsoft.Extensions.Logging.LoggingExtensions.UsingProfileAsKeyRepositoryWithDPAPI| body: 
2024-01-24 17:55:15.9024|0|INFO|Microsoft.Hosting.Lifetime|Application started. Press Ctrl+C to shut down. |url: |action: |Microsoft.Extensions.Hosting.Internal.ConsoleLifetime.OnApplicationStarted| body: 
2024-01-24 17:55:15.9024|0|INFO|Microsoft.Hosting.Lifetime|Hosting environment: Development |url: |action: |Microsoft.Extensions.Hosting.Internal.ConsoleLifetime.OnApplicationStarted| body: 
2024-01-24 17:55:15.9024|0|INFO|Microsoft.Hosting.Lifetime|Content root path: C:\Users\DVChepelev2\source\repos\RentApplication\RentApplication |url: |action: |Microsoft.Extensions.Hosting.Internal.ConsoleLifetime.OnApplicationStarted| body: 
2024-01-24 17:55:15.9227|0|INFO|Microsoft.AspNetCore.Hosting.Diagnostics|Request starting HTTP/1.1 GET http://localhost:2075/swagger - - |url: http://localhost/swagger|action: |Microsoft.AspNetCore.Hosting.HostingApplicationDiagnostics.LogRequestStarting| body: 
2024-01-24 17:55:16.0119|0|INFO|Microsoft.AspNetCore.Hosting.Diagnostics|Request finished HTTP/1.1 GET http://localhost:2075/swagger - - - 404 - - 91.0670ms |url: http://localhost/swagger|action: |Microsoft.AspNetCore.Hosting.HostingApplicationDiagnostics.LogRequestFinished| body: 
2024-01-24 17:55:16.7957|0|INFO|Microsoft.AspNetCore.Hosting.Diagnostics|Request starting HTTP/1.1 POST http://localhost:2075/user/register application/json 55 |url: http://localhost/user/register|action: |Microsoft.AspNetCore.Hosting.HostingApplicationDiagnostics.LogRequestStarting| body: 
2024-01-24 17:55:16.7993|0|INFO|Microsoft.AspNetCore.Routing.EndpointMiddleware|Executing endpoint 'RentApplication.Controllers.UserController.Register (RentApplication)' |url: http://localhost/user/register|action: Register|Microsoft.AspNetCore.Routing.EndpointMiddleware+Log.ExecutingEndpoint| body: 
2024-01-24 17:55:16.8247|0|INFO|Microsoft.AspNetCore.Mvc.Infrastructure.ControllerActionInvoker|Route matched with {action = "Register", controller = "User"}. Executing controller action with signature System.Threading.Tasks.Task`1[Microsoft.AspNetCore.Mvc.IActionResult] Register(RentApplication.Models.RegisterUserModels) on controller RentApplication.Controllers.UserController (RentApplication). |url: http://localhost/user/register|action: Register|Microsoft.AspNetCore.Mvc.MvcCoreLoggerExtensions.ExecutingAction| body: 
2024-01-24 17:55:39.6366|0|INFO|Microsoft.AspNetCore.Mvc.Infrastructure.ControllerActionInvoker|Executed action RentApplication.Controllers.UserController.Register (RentApplication) in 22808.1945ms |url: http://localhost/user/register|action: Register|Microsoft.AspNetCore.Mvc.MvcCoreLoggerExtensions.ExecutedAction| body: 
2024-01-24 17:55:39.6366|0|INFO|Microsoft.AspNetCore.Routing.EndpointMiddleware|Executed endpoint 'RentApplication.Controllers.UserController.Register (RentApplication)' |url: http://localhost/user/register|action: Register|Microsoft.AspNetCore.Routing.EndpointMiddleware+Log.ExecutedEndpoint| body: 
2024-01-24 17:55:39.6902|0|INFO|Microsoft.AspNetCore.Hosting.Diagnostics|Request finished HTTP/1.1 POST http://localhost:2075/user/register application/json 55 - 500 - - 22894.5412ms |url: http://localhost/user/register|action: |Microsoft.AspNetCore.Hosting.HostingApplicationDiagnostics.LogRequestFinished| body: 
2024-01-24 17:55:56.7451|0|INFO|Microsoft.AspNetCore.Hosting.Diagnostics|Request starting HTTP/1.1 POST http://localhost:2075/user/register application/json 55 |url: http://localhost/user/register|action: |Microsoft.AspNetCore.Hosting.HostingApplicationDiagnostics.LogRequestStarting| body: 
2024-01-24 17:55:56.7451|0|INFO|Microsoft.AspNetCore.Routing.EndpointMiddleware|Executing endpoint 'RentApplication.Controllers.UserController.Register (RentApplication)' |url: http://localhost/user/register|action: Register|Microsoft.AspNetCore.Routing.EndpointMiddleware+Log.ExecutingEndpoint| body: 
2024-01-24 17:55:56.7451|0|INFO|Microsoft.AspNetCore.Mvc.Infrastructure.ControllerActionInvoker|Route matched with {action = "Register", controller = "User"}. Executing controller action with signature System.Threading.Tasks.Task`1[Microsoft.AspNetCore.Mvc.IActionResult] Register(RentApplication.Models.RegisterUserModels) on controller RentApplication.Controllers.UserController (RentApplication). |url: http://localhost/user/register|action: Register|Microsoft.AspNetCore.Mvc.MvcCoreLoggerExtensions.ExecutingAction| body: 
2024-01-24 17:57:29.8802|0|INFO|Microsoft.AspNetCore.DataProtection.KeyManagement.XmlKeyManager|User profile is available. Using 'C:\Users\DVChepelev2\AppData\Local\ASP.NET\DataProtection-Keys' as key repository and Windows DPAPI to encrypt keys at rest. |url: |action: |Microsoft.Extensions.Logging.LoggingExtensions.UsingProfileAsKeyRepositoryWithDPAPI| body: 
2024-01-24 17:57:30.2107|0|INFO|Microsoft.Hosting.Lifetime|Application started. Press Ctrl+C to shut down. |url: |action: |Microsoft.Extensions.Hosting.Internal.ConsoleLifetime.OnApplicationStarted| body: 
2024-01-24 17:57:30.2107|0|INFO|Microsoft.Hosting.Lifetime|Hosting environment: Development |url: |action: |Microsoft.Extensions.Hosting.Internal.ConsoleLifetime.OnApplicationStarted| body: 
2024-01-24 17:57:30.2107|0|INFO|Microsoft.Hosting.Lifetime|Content root path: C:\Users\DVChepelev2\source\repos\RentApplication\RentApplication |url: |action: |Microsoft.Extensions.Hosting.Internal.ConsoleLifetime.OnApplicationStarted| body: 
2024-01-24 17:57:30.2349|0|INFO|Microsoft.AspNetCore.Hosting.Diagnostics|Request starting HTTP/1.1 GET http://localhost:2075/swagger - - |url: http://localhost/swagger|action: |Microsoft.AspNetCore.Hosting.HostingApplicationDiagnostics.LogRequestStarting| body: 
2024-01-24 17:57:30.3267|0|INFO|Microsoft.AspNetCore.Hosting.Diagnostics|Request finished HTTP/1.1 GET http://localhost:2075/swagger - - - 404 - - 94.1963ms |url: http://localhost/swagger|action: |Microsoft.AspNetCore.Hosting.HostingApplicationDiagnostics.LogRequestFinished| body: 
2024-01-24 17:57:33.9052|0|INFO|Microsoft.AspNetCore.Hosting.Diagnostics|Request starting HTTP/1.1 POST http://localhost:2075/user/register application/json 55 |url: http://localhost/user/register|action: |Microsoft.AspNetCore.Hosting.HostingApplicationDiagnostics.LogRequestStarting| body: 
2024-01-24 17:57:33.9115|0|INFO|Microsoft.AspNetCore.Routing.EndpointMiddleware|Executing endpoint 'RentApplication.Controllers.UserController.Register (RentApplication)' |url: http://localhost/user/register|action: Register|Microsoft.AspNetCore.Routing.EndpointMiddleware+Log.ExecutingEndpoint| body: 
2024-01-24 17:57:33.9375|0|INFO|Microsoft.AspNetCore.Mvc.Infrastructure.ControllerActionInvoker|Route matched with {action = "Register", controller = "User"}. Executing controller action with signature System.Threading.Tasks.Task`1[Microsoft.AspNetCore.Mvc.IActionResult] Register(RentApplication.Models.RegisterUserModels) on controller RentApplication.Controllers.UserController (RentApplication). |url: http://localhost/user/register|action: Register|Microsoft.AspNetCore.Mvc.MvcCoreLoggerExtensions.ExecutingAction| body: 
2024-01-24 17:58:04.4707|0|INFO|Microsoft.AspNetCore.DataProtection.KeyManagement.XmlKeyManager|User profile is available. Using 'C:\Users\DVChepelev2\AppData\Local\ASP.NET\DataProtection-Keys' as key repository and Windows DPAPI to encrypt keys at rest. |url: |action: |Microsoft.Extensions.Logging.LoggingExtensions.UsingProfileAsKeyRepositoryWithDPAPI| body: 
2024-01-24 17:58:04.7904|0|INFO|Microsoft.Hosting.Lifetime|Application started. Press Ctrl+C to shut down. |url: |action: |Microsoft.Extensions.Hosting.Internal.ConsoleLifetime.OnApplicationStarted| body: 
2024-01-24 17:58:04.7904|0|INFO|Microsoft.Hosting.Lifetime|Hosting environment: Development |url: |action: |Microsoft.Extensions.Hosting.Internal.ConsoleLifetime.OnApplicationStarted| body: 
2024-01-24 17:58:04.7904|0|INFO|Microsoft.Hosting.Lifetime|Content root path: C:\Users\DVChepelev2\source\repos\RentApplication\RentApplication |url: |action: |Microsoft.Extensions.Hosting.Internal.ConsoleLifetime.OnApplicationStarted| body: 
2024-01-24 17:58:04.8150|0|INFO|Microsoft.AspNetCore.Hosting.Diagnostics|Request starting HTTP/1.1 GET http://localhost:2075/swagger - - |url: http://localhost/swagger|action: |Microsoft.AspNetCore.Hosting.HostingApplicationDiagnostics.LogRequestStarting| body: 
2024-01-24 17:58:04.9047|0|INFO|Microsoft.AspNetCore.Hosting.Diagnostics|Request finished HTTP/1.1 GET http://localhost:2075/swagger - - - 404 - - 91.7987ms |url: http://localhost/swagger|action: |Microsoft.AspNetCore.Hosting.HostingApplicationDiagnostics.LogRequestFinished| body: 
2024-01-24 17:58:05.4827|0|INFO|Microsoft.AspNetCore.Hosting.Diagnostics|Request starting HTTP/1.1 POST http://localhost:2075/user/register application/json 55 |url: http://localhost/user/register|action: |Microsoft.AspNetCore.Hosting.HostingApplicationDiagnostics.LogRequestStarting| body: 
2024-01-24 17:58:05.4895|0|INFO|Microsoft.AspNetCore.Routing.EndpointMiddleware|Executing endpoint 'RentApplication.Controllers.UserController.Register (RentApplication)' |url: http://localhost/user/register|action: Register|Microsoft.AspNetCore.Routing.EndpointMiddleware+Log.ExecutingEndpoint| body: 
2024-01-24 17:58:05.5157|0|INFO|Microsoft.AspNetCore.Mvc.Infrastructure.ControllerActionInvoker|Route matched with {action = "Register", controller = "User"}. Executing controller action with signature System.Threading.Tasks.Task`1[Microsoft.AspNetCore.Mvc.IActionResult] Register(RentApplication.Models.RegisterUserModels) on controller RentApplication.Controllers.UserController (RentApplication). |url: http://localhost/user/register|action: Register|Microsoft.AspNetCore.Mvc.MvcCoreLoggerExtensions.ExecutingAction| body: 
2024-01-24 17:59:27.9400|0|INFO|Microsoft.AspNetCore.DataProtection.KeyManagement.XmlKeyManager|User profile is available. Using 'C:\Users\DVChepelev2\AppData\Local\ASP.NET\DataProtection-Keys' as key repository and Windows DPAPI to encrypt keys at rest. |url: |action: |Microsoft.Extensions.Logging.LoggingExtensions.UsingProfileAsKeyRepositoryWithDPAPI| body: 
2024-01-24 17:59:28.2688|0|INFO|Microsoft.Hosting.Lifetime|Application started. Press Ctrl+C to shut down. |url: |action: |Microsoft.Extensions.Hosting.Internal.ConsoleLifetime.OnApplicationStarted| body: 
2024-01-24 17:59:28.2688|0|INFO|Microsoft.Hosting.Lifetime|Hosting environment: Development |url: |action: |Microsoft.Extensions.Hosting.Internal.ConsoleLifetime.OnApplicationStarted| body: 
2024-01-24 17:59:28.2688|0|INFO|Microsoft.Hosting.Lifetime|Content root path: C:\Users\DVChepelev2\source\repos\RentApplication\RentApplication |url: |action: |Microsoft.Extensions.Hosting.Internal.ConsoleLifetime.OnApplicationStarted| body: 
2024-01-24 17:59:28.2947|0|INFO|Microsoft.AspNetCore.Hosting.Diagnostics|Request starting HTTP/1.1 GET http://localhost:2075/swagger - - |url: http://localhost/swagger|action: |Microsoft.AspNetCore.Hosting.HostingApplicationDiagnostics.LogRequestStarting| body: 
2024-01-24 17:59:28.3828|0|INFO|Microsoft.AspNetCore.Hosting.Diagnostics|Request finished HTTP/1.1 GET http://localhost:2075/swagger - - - 404 - - 91.0020ms |url: http://localhost/swagger|action: |Microsoft.AspNetCore.Hosting.HostingApplicationDiagnostics.LogRequestFinished| body: 
2024-01-24 17:59:29.6806|0|INFO|Microsoft.AspNetCore.Hosting.Diagnostics|Request starting HTTP/1.1 POST http://localhost:2075/user/register application/json 55 |url: http://localhost/user/register|action: |Microsoft.AspNetCore.Hosting.HostingApplicationDiagnostics.LogRequestStarting| body: 
2024-01-24 17:59:29.6806|0|INFO|Microsoft.AspNetCore.Routing.EndpointMiddleware|Executing endpoint 'RentApplication.Controllers.UserController.Register (RentApplication)' |url: http://localhost/user/register|action: Register|Microsoft.AspNetCore.Routing.EndpointMiddleware+Log.ExecutingEndpoint| body: 
2024-01-24 17:59:29.7109|0|INFO|Microsoft.AspNetCore.Mvc.Infrastructure.ControllerActionInvoker|Route matched with {action = "Register", controller = "User"}. Executing controller action with signature System.Threading.Tasks.Task`1[Microsoft.AspNetCore.Mvc.IActionResult] Register(RentApplication.Models.RegisterUserModels) on controller RentApplication.Controllers.UserController (RentApplication). |url: http://localhost/user/register|action: Register|Microsoft.AspNetCore.Mvc.MvcCoreLoggerExtensions.ExecutingAction| body: 
2024-01-24 18:11:16.7409|0|INFO|Microsoft.AspNetCore.DataProtection.KeyManagement.XmlKeyManager|User profile is available. Using 'C:\Users\DVChepelev2\AppData\Local\ASP.NET\DataProtection-Keys' as key repository and Windows DPAPI to encrypt keys at rest. |url: |action: |Microsoft.Extensions.Logging.LoggingExtensions.UsingProfileAsKeyRepositoryWithDPAPI| body: 
2024-01-24 18:11:17.1036|0|INFO|Microsoft.Hosting.Lifetime|Application started. Press Ctrl+C to shut down. |url: |action: |Microsoft.Extensions.Hosting.Internal.ConsoleLifetime.OnApplicationStarted| body: 
2024-01-24 18:11:17.1036|0|INFO|Microsoft.Hosting.Lifetime|Hosting environment: Development |url: |action: |Microsoft.Extensions.Hosting.Internal.ConsoleLifetime.OnApplicationStarted| body: 
2024-01-24 18:11:17.1036|0|INFO|Microsoft.Hosting.Lifetime|Content root path: C:\Users\DVChepelev2\source\repos\RentApplication\RentApplication |url: |action: |Microsoft.Extensions.Hosting.Internal.ConsoleLifetime.OnApplicationStarted| body: 
2024-01-24 18:11:17.1247|0|INFO|Microsoft.AspNetCore.Hosting.Diagnostics|Request starting HTTP/1.1 GET http://localhost:2075/swagger - - |url: http://localhost/swagger|action: |Microsoft.AspNetCore.Hosting.HostingApplicationDiagnostics.LogRequestStarting| body: 
2024-01-24 18:11:17.2111|0|INFO|Microsoft.AspNetCore.Hosting.Diagnostics|Request finished HTTP/1.1 GET http://localhost:2075/swagger - - - 404 - - 88.5117ms |url: http://localhost/swagger|action: |Microsoft.AspNetCore.Hosting.HostingApplicationDiagnostics.LogRequestFinished| body: 
2024-01-24 18:11:19.0154|0|INFO|Microsoft.AspNetCore.Hosting.Diagnostics|Request starting HTTP/1.1 POST http://localhost:2075/user/register application/json 55 |url: http://localhost/user/register|action: |Microsoft.AspNetCore.Hosting.HostingApplicationDiagnostics.LogRequestStarting| body: 
2024-01-24 18:11:19.0186|0|INFO|Microsoft.AspNetCore.Routing.EndpointMiddleware|Executing endpoint 'RentApplication.Controllers.UserController.Register (RentApplication)' |url: http://localhost/user/register|action: Register|Microsoft.AspNetCore.Routing.EndpointMiddleware+Log.ExecutingEndpoint| body: 
2024-01-24 18:11:19.0452|0|INFO|Microsoft.AspNetCore.Mvc.Infrastructure.ControllerActionInvoker|Route matched with {action = "Register", controller = "User"}. Executing controller action with signature System.Threading.Tasks.Task`1[Microsoft.AspNetCore.Mvc.IActionResult] Register(RentApplication.Models.RegisterUserModels) on controller RentApplication.Controllers.UserController (RentApplication). |url: http://localhost/user/register|action: Register|Microsoft.AspNetCore.Mvc.MvcCoreLoggerExtensions.ExecutingAction| body: 
2024-01-24 18:12:47.7261|0|INFO|Microsoft.AspNetCore.DataProtection.KeyManagement.XmlKeyManager|User profile is available. Using 'C:\Users\DVChepelev2\AppData\Local\ASP.NET\DataProtection-Keys' as key repository and Windows DPAPI to encrypt keys at rest. |url: |action: |Microsoft.Extensions.Logging.LoggingExtensions.UsingProfileAsKeyRepositoryWithDPAPI| body: 
2024-01-24 18:12:48.0630|0|INFO|Microsoft.Hosting.Lifetime|Application started. Press Ctrl+C to shut down. |url: |action: |Microsoft.Extensions.Hosting.Internal.ConsoleLifetime.OnApplicationStarted| body: 
2024-01-24 18:12:48.0648|0|INFO|Microsoft.Hosting.Lifetime|Hosting environment: Development |url: |action: |Microsoft.Extensions.Hosting.Internal.ConsoleLifetime.OnApplicationStarted| body: 
2024-01-24 18:12:48.0648|0|INFO|Microsoft.Hosting.Lifetime|Content root path: C:\Users\DVChepelev2\source\repos\RentApplication\RentApplication |url: |action: |Microsoft.Extensions.Hosting.Internal.ConsoleLifetime.OnApplicationStarted| body: 
2024-01-24 18:12:48.0845|0|INFO|Microsoft.AspNetCore.Hosting.Diagnostics|Request starting HTTP/1.1 GET http://localhost:2075/swagger - - |url: http://localhost/swagger|action: |Microsoft.AspNetCore.Hosting.HostingApplicationDiagnostics.LogRequestStarting| body: 
2024-01-24 18:12:48.1787|0|INFO|Microsoft.AspNetCore.Hosting.Diagnostics|Request finished HTTP/1.1 GET http://localhost:2075/swagger - - - 404 - - 96.9150ms |url: http://localhost/swagger|action: |Microsoft.AspNetCore.Hosting.HostingApplicationDiagnostics.LogRequestFinished| body: 
2024-01-24 18:12:50.2755|0|INFO|Microsoft.AspNetCore.Hosting.Diagnostics|Request starting HTTP/1.1 POST http://localhost:2075/user/register application/json 55 |url: http://localhost/user/register|action: |Microsoft.AspNetCore.Hosting.HostingApplicationDiagnostics.LogRequestStarting| body: 
2024-01-24 18:12:50.2755|0|INFO|Microsoft.AspNetCore.Routing.EndpointMiddleware|Executing endpoint 'RentApplication.Controllers.UserController.Register (RentApplication)' |url: http://localhost/user/register|action: Register|Microsoft.AspNetCore.Routing.EndpointMiddleware+Log.ExecutingEndpoint| body: 
2024-01-24 18:12:50.3045|0|INFO|Microsoft.AspNetCore.Mvc.Infrastructure.ControllerActionInvoker|Route matched with {action = "Register", controller = "User"}. Executing controller action with signature System.Threading.Tasks.Task`1[Microsoft.AspNetCore.Mvc.IActionResult] Register(RentApplication.Models.RegisterUserModels) on controller RentApplication.Controllers.UserController (RentApplication). |url: http://localhost/user/register|action: Register|Microsoft.AspNetCore.Mvc.MvcCoreLoggerExtensions.ExecutingAction| body: 
2024-01-24 18:17:40.1445|0|INFO|Microsoft.AspNetCore.DataProtection.KeyManagement.XmlKeyManager|User profile is available. Using 'C:\Users\DVChepelev2\AppData\Local\ASP.NET\DataProtection-Keys' as key repository and Windows DPAPI to encrypt keys at rest. |url: |action: |Microsoft.Extensions.Logging.LoggingExtensions.UsingProfileAsKeyRepositoryWithDPAPI| body: 
2024-01-24 18:17:40.4779|0|INFO|Microsoft.Hosting.Lifetime|Application started. Press Ctrl+C to shut down. |url: |action: |Microsoft.Extensions.Hosting.Internal.ConsoleLifetime.OnApplicationStarted| body: 
2024-01-24 18:17:40.4779|0|INFO|Microsoft.Hosting.Lifetime|Hosting environment: Development |url: |action: |Microsoft.Extensions.Hosting.Internal.ConsoleLifetime.OnApplicationStarted| body: 
2024-01-24 18:17:40.4779|0|INFO|Microsoft.Hosting.Lifetime|Content root path: C:\Users\DVChepelev2\source\repos\RentApplication\RentApplication |url: |action: |Microsoft.Extensions.Hosting.Internal.ConsoleLifetime.OnApplicationStarted| body: 
2024-01-24 18:17:40.4985|0|INFO|Microsoft.AspNetCore.Hosting.Diagnostics|Request starting HTTP/1.1 GET http://localhost:2075/swagger - - |url: http://localhost/swagger|action: |Microsoft.AspNetCore.Hosting.HostingApplicationDiagnostics.LogRequestStarting| body: 
2024-01-24 18:17:40.5879|0|INFO|Microsoft.AspNetCore.Hosting.Diagnostics|Request finished HTTP/1.1 GET http://localhost:2075/swagger - - - 404 - - 91.4688ms |url: http://localhost/swagger|action: |Microsoft.AspNetCore.Hosting.HostingApplicationDiagnostics.LogRequestFinished| body: 
2024-01-24 18:17:42.4511|0|INFO|Microsoft.AspNetCore.Hosting.Diagnostics|Request starting HTTP/1.1 POST http://localhost:2075/user/register application/json 55 |url: http://localhost/user/register|action: |Microsoft.AspNetCore.Hosting.HostingApplicationDiagnostics.LogRequestStarting| body: 
2024-01-24 18:17:42.4557|0|INFO|Microsoft.AspNetCore.Routing.EndpointMiddleware|Executing endpoint 'RentApplication.Controllers.UserController.Register (RentApplication)' |url: http://localhost/user/register|action: Register|Microsoft.AspNetCore.Routing.EndpointMiddleware+Log.ExecutingEndpoint| body: 
2024-01-24 18:17:42.4813|0|INFO|Microsoft.AspNetCore.Mvc.Infrastructure.ControllerActionInvoker|Route matched with {action = "Register", controller = "User"}. Executing controller action with signature System.Threading.Tasks.Task`1[Microsoft.AspNetCore.Mvc.IActionResult] Register(RentApplication.Models.RegisterUserModels) on controller RentApplication.Controllers.UserController (RentApplication). |url: http://localhost/user/register|action: Register|Microsoft.AspNetCore.Mvc.MvcCoreLoggerExtensions.ExecutingAction| body: 
2024-01-24 18:17:47.8852|0|INFO|Microsoft.EntityFrameworkCore.Database.Command|Executed DbCommand (94ms) [Parameters=[@p0='?', @p1='?', @p2='?', @p3='?', @p4='?', @p5='?', @p6='?', @p7='?' (DbType = Int32), @p8='?' (DbType = Guid)], CommandType='Text', CommandTimeout='30']
INSERT INTO "User" ("Email", "LastName", "Login", "MiddleName", "Name", "PasswordHash", "PhoneNumber", "RoleType", "Uid")
VALUES (@p0, @p1, @p2, @p3, @p4, @p5, @p6, @p7, @p8)
RETURNING "Id"; |url: http://localhost/user/register|action: Register|Microsoft.EntityFrameworkCore.Diagnostics.Internal.RelationalCommandDiagnosticsLogger.CommandReaderExecutedAsync| body: 
2024-01-24 18:17:54.4396|0|INFO|Microsoft.AspNetCore.Mvc.StatusCodeResult|Executing StatusCodeResult, setting HTTP status code 200 |url: http://localhost/user/register|action: Register|Microsoft.AspNetCore.Mvc.StatusCodeResult.ExecuteResult| body: 
2024-01-24 18:17:54.4396|0|INFO|Microsoft.AspNetCore.Mvc.Infrastructure.ControllerActionInvoker|Executed action RentApplication.Controllers.UserController.Register (RentApplication) in 11961.351ms |url: http://localhost/user/register|action: Register|Microsoft.AspNetCore.Mvc.MvcCoreLoggerExtensions.ExecutedAction| body: 
2024-01-24 18:17:54.4396|0|INFO|Microsoft.AspNetCore.Routing.EndpointMiddleware|Executed endpoint 'RentApplication.Controllers.UserController.Register (RentApplication)' |url: http://localhost/user/register|action: Register|Microsoft.AspNetCore.Routing.EndpointMiddleware+Log.ExecutedEndpoint| body: 
2024-01-24 18:17:54.4693|0|INFO|Microsoft.AspNetCore.Hosting.Diagnostics|Request finished HTTP/1.1 POST http://localhost:2075/user/register application/json 55 - 200 - - 12018.2420ms |url: http://localhost/user/register|action: Register|Microsoft.AspNetCore.Hosting.HostingApplicationDiagnostics.LogRequestFinished| body: 
