2024-01-26 16:01:04.8410|0|ERROR|Rent.Core.Logger.LogProvider|26-01-2024 16-01-04
/error
GET

Message: Could not create an instance of type 'Microsoft.AspNetCore.Http.HttpContext'. Model bound complex types must not be abstract or value types and must have a parameterless constructor. Record types must have a single primary constructor. Alternatively, give the 'context' parameter a non-null default value.
Source: Microsoft.AspNetCore.Mvc.Core
StackTrace:    at Microsoft.AspNetCore.Mvc.ModelBinding.Binders.ComplexObjectModelBinder.CreateModel(ModelBindingContext bindingContext)
   at Microsoft.AspNetCore.Mvc.ModelBinding.Binders.ComplexObjectModelBinder.BindModelCoreAsync(ModelBindingContext bindingContext, Int32 propertyData)
   at Microsoft.AspNetCore.Mvc.ModelBinding.ParameterBinder.BindModelAsync(ActionContext actionContext, IModelBinder modelBinder, IValueProvider valueProvider, ParameterDescriptor parameter, ModelMetadata metadata, Object value, Object container)
   at Microsoft.AspNetCore.Mvc.Controllers.ControllerBinderDelegateProvider.<>c__DisplayClass0_0.<<CreateBinderDelegate>g__Bind|0>d.MoveNext()
--- End of stack trace from previous location ---
   at Microsoft.AspNetCore.Mvc.Infrastructure.ControllerActionInvoker.<InvokeInnerFilterAsync>g__Awaited|13_0(ControllerActionInvoker invoker, Task lastTask, State next, Scope scope, Object state, Boolean isCompleted)
   at Microsoft.AspNetCore.Mvc.Infrastructure.ResourceInvoker.<InvokeFilterPipelineAsync>g__Awaited|20_0(ResourceInvoker invoker, Task lastTask, State next, Scope scope, Object state, Boolean isCompleted)
   at Microsoft.AspNetCore.Mvc.Infrastructure.ResourceInvoker.<InvokeAsync>g__Awaited|17_0(ResourceInvoker invoker, Task task, IDisposable scope)
   at Microsoft.AspNetCore.Mvc.Infrastructure.ResourceInvoker.<InvokeAsync>g__Awaited|17_0(ResourceInvoker invoker, Task task, IDisposable scope)
   at Microsoft.AspNetCore.Routing.EndpointMiddleware.<Invoke>g__AwaitRequestTask|6_0(Endpoint endpoint, Task requestTask, ILogger logger)
   at Microsoft.AspNetCore.Authorization.AuthorizationMiddleware.Invoke(HttpContext context)
   at Microsoft.AspNetCore.Authentication.AuthenticationMiddleware.Invoke(HttpContext context)
   at Microsoft.AspNetCore.Session.SessionMiddleware.Invoke(HttpContext context)
   at Microsoft.AspNetCore.Session.SessionMiddleware.Invoke(HttpContext context)
   at Microsoft.AspNetCore.Diagnostics.ExceptionHandlerMiddleware.<Invoke>g__Awaited|6_0(ExceptionHandlerMiddleware middleware, HttpContext context, Task task)
TargetSite: Void CreateModel(Microsoft.AspNetCore.Mvc.ModelBinding.ModelBindingContext)

 |url: |action: |Rent.Core.Logger.LogProvider.LogError| body: 
